Arguments: 
  C:\Program Files\nodejs\node.exe C:\Program Files\nodejs\node_modules\yarn\bin\yarn.js add tiny-slider

PATH: 
  E:\cmder\vendor\bin;E:\cmder\vendor\conemu-maximus5\ConEmu\Scripts;E:\cmder\vendor\conemu-maximus5;E:\cmder\vendor\conemu-maximus5\ConEmu;C:\Program Files (x86)\Common Files\Oracle\Java\javapath;E:\soft\Ruby26-x64\bin;C:\Windows\system32;C:\Windows;C:\Windows\System32\Wbem;C:\Windows\System32\WindowsPowerShell\v1.0\;C:\Windows\System32\OpenSSH\;C:\Python27;C:\Program Files (x86)\NVIDIA Corporation\PhysX\Common;C:\Program Files\NVIDIA Corporation\NVIDIA NvDLISR;C:\Program Files\Git\cmd;D:\soft\bin;C:\WINDOWS\system32;C:\WINDOWS;C:\WINDOWS\System32\Wbem;C:\WINDOWS\System32\WindowsPowerShell\v1.0\;C:\WINDOWS\System32\OpenSSH\;E:\soft\redis\;E:\soft\nvm;C:\Program Files\nodejs;C:\Program Files\Docker\Docker\resources\bin;C:\ProgramData\DockerDesktop\version-bin;C:\Program Files (x86)\Common Files\Oracle\Java\javapath;E:\soft\Ruby26-x64\bin;C:\Windows\system32;C:\Windows;C:\Windows\System32\Wbem;C:\Windows\System32\WindowsPowerShell\v1.0\;C:\Windows\System32\OpenSSH\;C:\Python27;C:\Program Files (x86)\NVIDIA Corporation\PhysX\Common;C:\Program Files\NVIDIA Corporation\NVIDIA NvDLISR;C:\Program Files\Git\cmd;D:\soft\bin;C:\WINDOWS\system32;C:\WINDOWS;C:\WINDOWS\System32\Wbem;C:\WINDOWS\System32\WindowsPowerShell\v1.0\;C:\WINDOWS\System32\OpenSSH\;E:\soft\redis\;%NVM_HOME%;%NVM_SYMLINK%;C:\Users\Administrator\AppData\Local\Microsoft\WindowsApps;E:\Microsoft VS Code\bin;E:\cmder;E:\soft\mysql-5.7.31-winx64\bin;C:\Program Files (x86)\Google\Chrome\Application;C:\Users\Administrator\go\bin;E:\go\bin;D:\Program Files\Java\jdk1.8.0_261\bin;E:\soft\nvm;C:\Program Files\nodejs;C:\Users\Administrator\AppData\Roaming\Flow;C:\Program Files\Git\mingw64\bin;C:\Program Files\Git\usr\bin

Yarn version: 
  1.22.11

Node version: 
  14.17.2

Platform: 
  win32 x64

Trace: 
  Error: EPERM: operation not permitted, unlink 'G:\projest\NGA\share\node_modules\deasync\bin\win32-x64-node-14\deasync.node'

npm manifest: 
  {
    "name": "share",
    "version": "0.0.1",
    "description": "javascript",
    "keywords": "nice",
    "license": "",
    "author": "",
    "scripts": {
      "build": "parcel build index.html",
      "dev": "parcel index.html --open",
      "dev:store": "parcel store.html --open",
      "dev:user": "parcel userProfile.html --open",
      "start": "npm run build && npm run dev",
      "test": "echo \"Error: no test specified\" && exit 1"
    },
    "devDependencies": {
      "parcel-bundler": "^1.12.4"
    }
  }

yarn manifest: 
  No manifest

Lockfile: 
  No lockfile
